[15:10:11] [ServerMain/INFO]: [bootstrap] Running Java 25 (OpenJDK 64-Bit Server VM 25.0.1+8-LTS; Microsoft Microsoft-12574222) on Linux 6.8.0-1030-azure (amd64)
[15:10:11] [ServerMain/INFO]: [bootstrap] Loading Paper 1.21.5-113-main@ba7fb23 (2025-06-10T23:34:22Z) for Minecraft 1.21.5
[15:10:12] [ServerMain/INFO]: [PluginInitializerManager] Initializing plugins...
[15:10:13] [ServerMain/INFO]: [PluginInitializerManager] Initialized 3 plugins
[15:10:13] [ServerMain/INFO]: [PluginInitializerManager] Bukkit plugins (3):
 - ViaBackwards (5.3.2), ViaRewind (4.0.7), ViaVersion (5.3.2)
[15:10:24] [ServerMain/INFO]: Environment: Environment[sessionHost=https://sessionserver.mojang.com, servicesHost=https://api.minecraftservices.com, name=PROD]
[15:10:27] [ServerMain/INFO]: Loaded 1373 recipes
[15:10:27] [ServerMain/INFO]: Loaded 1484 advancements
[15:10:28] [Server thread/INFO]: Starting minecraft server version 1.21.5
[15:10:28] [Server thread/INFO]: Loading properties
[15:10:28] [Server thread/INFO]: This server is running Paper version 1.21.5-113-main@ba7fb23 (2025-06-10T23:34:22Z) (Implementing API version 1.21.5-R0.1-SNAPSHOT)
[15:10:28] [Server thread/INFO]: [spark] This server bundles the spark profiler. For more information please visit https://docs.papermc.io/paper/profiling
[15:10:28] [Server thread/INFO]: Server Ping Player Sample Count: 12
[15:10:28] [Server thread/INFO]: Using 4 threads for Netty based IO
[15:10:30] [Server thread/INFO]: [MoonriseCommon] Paper is using 1 worker threads, 1 I/O threads
[15:10:30] [Server thread/INFO]: [ChunkTaskScheduler] Chunk system is using population gen parallelism: true
[15:10:30] [Server thread/INFO]: Default game type: SURVIVAL
[15:10:30] [Server thread/INFO]: Generating keypair
[15:10:30] [Server thread/INFO]: Starting Minecraft server on *:25565
[15:10:30] [Server thread/INFO]: Using epoll channel type
[15:10:30] [Server thread/INFO]: Paper: Using libdeflate (Linux x86_64) compression from Velocity.
[15:10:30] [Server thread/INFO]: Paper: Using OpenSSL 3.x.x (Linux x86_64) cipher from Velocity.
[15:10:31] [Server thread/INFO]: [ViaVersion] Loading server plugin ViaVersion v5.3.2
[15:10:31] [Server thread/INFO]: [ViaVersion] ViaVersion 5.3.2 is now loaded. Registering protocol transformers and injecting...
[15:10:32] [Via-Mappingloader-0/INFO]: [ViaVersion] Loading block connection mappings ...
[15:10:32] [Via-Mappingloader-0/INFO]: [ViaVersion] Using FastUtil Long2ObjectOpenHashMap for block connections
[15:10:33] [Server thread/INFO]: [ViaBackwards] Loading translations...
[15:10:33] [Server thread/INFO]: [ViaBackwards] Registering protocols...
[15:10:34] [Server thread/INFO]: [ViaRewind] Registering protocols...
[15:10:34] [Server thread/INFO]: [ViaBackwards] Loading server plugin ViaBackwards v5.3.2
[15:10:34] [Server thread/INFO]: [ViaRewind] Loading server plugin ViaRewind v4.0.7
[15:10:34] [Server thread/INFO]: Server permissions file permissions.yml is empty, ignoring it
[15:10:34] [Server thread/INFO]: [ViaRewind] Enabling ViaRewind v4.0.7
[15:10:34] [Server thread/WARN]: **** SERVER IS RUNNING IN OFFLINE/INSECURE MODE!
[15:10:34] [Server thread/WARN]: The server will make no attempt to authenticate usernames. Beware.
[15:10:34] [Server thread/WARN]: While this makes the game possible to play without internet access, it also opens up the ability for hackers to connect with any username they choose.
[15:10:34] [Server thread/WARN]: To change this, set "online-mode" to "true" in the server.properties file.
[15:10:34] [Server thread/INFO]: Preparing level "world"
[15:10:35] [Server thread/INFO]: Preparing start region for dimension minecraft:overworld
[15:10:35] [Server thread/INFO]: Preparing spawn area: 0%
[15:10:35] [Server thread/INFO]: Preparing spawn area: 0%
[15:10:36] [Server thread/INFO]: Preparing spawn area: 0%
[15:10:36] [Server thread/INFO]: Preparing spawn area: 0%
[15:10:37] [Server thread/INFO]: Time elapsed: 1923 ms
[15:10:37] [Server thread/INFO]: Preparing start region for dimension minecraft:the_nether
[15:10:37] [Server thread/INFO]: Preparing spawn area: 0%
[15:10:37] [Server thread/INFO]: Time elapsed: 413 ms
[15:10:37] [Server thread/INFO]: Preparing start region for dimension minecraft:the_end
[15:10:37] [Server thread/INFO]: Preparing spawn area: 0%
[15:10:37] [Server thread/INFO]: Time elapsed: 252 ms
[15:10:37] [Server thread/INFO]: [ViaVersion] Enabling ViaVersion v5.3.2
[15:10:37] [Server thread/INFO]: [ViaVersion] ViaVersion detected server version: 1.21.5 (770)
[15:10:37] [Server thread/INFO]: [ViaBackwards] Enabling ViaBackwards v5.3.2
[15:10:38] [Server thread/INFO]: [spark] Starting background profiler...
[15:10:39] [Server thread/INFO]: Done preparing level "world" (5.094s)
[15:10:39] [Server thread/INFO]: Running delayed init tasks
[15:10:39] [Server thread/INFO]: Done (30.440s)! For help, type "help"
[15:10:39] [Craft Scheduler Thread - 2 - ViaVersion/INFO]: [ViaVersion] Finished mapping loading, shutting down loader executor.
[15:10:39] [Server thread/WARN]: [ViaVersion] There is a newer plugin version available: 5.5.1, you're on: 5.3.2
