[2025/12/12 15:10:20]: §9          __             _       
[2025/12/12 15:10:20]: §9  _ __   / /  ___   __ _(_)_ __  
[2025/12/12 15:10:20]: §9 | '_ \ / /  / _ \ / _` | | '_ \ 
[2025/12/12 15:10:20]: §9 | | | / /__| (_) | (_| | | | | |
[2025/12/12 15:10:20]: §9 |_| |_\____/\___/ \__, |_|_| |_|
[2025/12/12 15:10:20]: §9                  |___/            
[2025/12/12 15:10:20]: §9 By: www.nickuc.com - V 10.4.23
[2025/12/12 15:10:20]: §9 
[2025/12/12 15:10:20]: §3[nLogin] [DEBUG] All settings were loaded in 393 ms.
[2025/12/12 15:10:21]: §3[nLogin] [DEBUG] Loading the messages_en.yml message file...
[2025/12/12 15:10:21]: §3[nLogin] [DEBUG] All plugin messages were loaded in 145 ms (languageByClient=false).
[2025/12/12 15:10:21]: §3[nLogin] [DEBUG] All proxy settings were loaded in 25 ms.
[2025/12/12 15:10:21]: §3[nLogin] [DEBUG] Loading database...
[2025/12/12 15:10:21]: §3[nLogin] [DEBUG] Starting logger filter...
[2025/12/12 15:10:26]: 
[2025/12/12 15:10:26]:  §bThank you so much for choosing nLogin! §4<3
[2025/12/12 15:10:26]: 
[2025/12/12 15:10:26]:  §4For your safety, please read the message below:
[2025/12/12 15:10:26]:   §cNever download nLogin from unknown sources.
[2025/12/12 15:10:26]:   §cA modified version may contain malicious software.
[2025/12/12 15:10:26]: 
[2025/12/12 15:10:26]:  §3Trusted sources:
[2025/12/12 15:10:26]:   §bwww.nickuc.com
[2025/12/12 15:10:26]:   §bwww.github.com/nickuc
[2025/12/12 15:10:26]:   §bOpeNLogin installer (from Spigot or GitHub)
[2025/12/12 15:10:26]: 
[2025/12/12 15:10:26]:  §3Official support channels:
[2025/12/12 15:10:26]:   §bDiscord group: §fwww.nickuc.com/discord
[2025/12/12 15:10:26]:   §bDocumentation: §fdocs.nickuc.com/nlogin/
[2025/12/12 15:10:26]:   §bEmail: §fsupport@nickuc.com
[2025/12/12 15:10:26]:   §bYouTube: §fyoutube.com/nickuc
[2025/12/12 15:10:26]: 
[2025/12/12 15:10:26]:  §eTo remove this warning, log in with "nlogin.admin" permission on the server
[2025/12/12 15:10:26]:  §eand click the "Setup plugin" button to configure your plugin.
[2025/12/12 15:10:26]: 
[2025/12/12 15:11:48]: §3[nLogin] [DEBUG] [SQLite] [UPDATE]: "UPDATE `nlogin` SET `last_name` = 'Ehe', `unique_id` = 773a93c10ffd33d8ab9a443ab5729f35,  `mojang_id` = null,  `bedrock_id` = null,  `password` = '$2a$10$ANgkxhRGEJwWfXk211enz.KQXjTzf7px8zSNLHEPsAVT0AprSPtkq', `last_ip` = '0:0:0:0:0:0:0:1', `creation_date` = 2025-12-12 12:41:49.573, `last_seen` = 2025-12-12 15:11:48.229, `email` = null, `discord` = null, `settings` = '{"settings":[{"value":"survival","key":"last-server"},{"value":"en","key":"language"}],"version":0}' WHERE `ai` = 2" (applied to [last_ip, last_seen, settings] columns)
[2025/12/12 15:11:48]: [nLogin] The user Ehe has successfully logged in.
[2025/12/12 15:12:35]: §3[nLogin] [DEBUG] [SQLite] [UPDATE]: "UPDATE `nlogin` SET `last_name` = 'Ehe', `unique_id` = 773a93c10ffd33d8ab9a443ab5729f35,  `mojang_id` = null,  `bedrock_id` = null,  `password` = '$2a$10$ANgkxhRGEJwWfXk211enz.KQXjTzf7px8zSNLHEPsAVT0AprSPtkq', `last_ip` = '0:0:0:0:0:0:0:1', `creation_date` = 2025-12-12 12:41:49.573, `last_seen` = 2025-12-12 15:12:35.086, `email` = null, `discord` = null, `settings` = '{"settings":[{"value":"survival","key":"last-server"},{"value":"en","key":"language"}],"version":0}' WHERE `ai` = 2" (applied to [last_seen, settings] columns)
[2025/12/12 15:14:25]: [nLogin] Successful plugin core shutdown (took 0.00s)
