[2025/12/12 12:37:57]: §9          __             _       
[2025/12/12 12:37:57]: §9  _ __   / /  ___   __ _(_)_ __  
[2025/12/12 12:37:57]: §9 | '_ \ / /  / _ \ / _` | | '_ \ 
[2025/12/12 12:37:57]: §9 | | | / /__| (_) | (_| | | | | |
[2025/12/12 12:37:57]: §9 |_| |_\____/\___/ \__, |_|_| |_|
[2025/12/12 12:37:57]: §9                  |___/            
[2025/12/12 12:37:57]: §9 By: www.nickuc.com - V 10.4.23
[2025/12/12 12:37:57]: §9 
[2025/12/12 12:37:58]: §3[nLogin] [DEBUG] All settings were loaded in 653 ms.
[2025/12/12 12:37:58]: §3[nLogin] [DEBUG] Loading the messages_en.yml message file...
[2025/12/12 12:37:58]: §3[nLogin] [DEBUG] All plugin messages were loaded in 222 ms (languageByClient=false).
[2025/12/12 12:37:58]: §3[nLogin] [DEBUG] All proxy settings were loaded in 23 ms.
[2025/12/12 12:37:58]: §3[nLogin] [DEBUG] Loading database...
[2025/12/12 12:37:59]: §3[nLogin] [DEBUG] Starting logger filter...
[2025/12/12 12:38:04]: 
[2025/12/12 12:38:04]:  §bThank you so much for choosing nLogin! §4<3
[2025/12/12 12:38:04]: 
[2025/12/12 12:38:04]:  §4For your safety, please read the message below:
[2025/12/12 12:38:04]:   §cNever download nLogin from unknown sources.
[2025/12/12 12:38:04]:   §cA modified version may contain malicious software.
[2025/12/12 12:38:04]: 
[2025/12/12 12:38:04]:  §3Trusted sources:
[2025/12/12 12:38:04]:   §bwww.nickuc.com
[2025/12/12 12:38:04]:   §bwww.github.com/nickuc
[2025/12/12 12:38:04]:   §bOpeNLogin installer (from Spigot or GitHub)
[2025/12/12 12:38:04]: 
[2025/12/12 12:38:04]:  §3Official support channels:
[2025/12/12 12:38:04]:   §bDiscord group: §fwww.nickuc.com/discord
[2025/12/12 12:38:04]:   §bDocumentation: §fdocs.nickuc.com/nlogin/
[2025/12/12 12:38:04]:   §bEmail: §fsupport@nickuc.com
[2025/12/12 12:38:04]:   §bYouTube: §fyoutube.com/nickuc
[2025/12/12 12:38:04]: 
[2025/12/12 12:38:04]:  §eTo remove this warning, log in with "nlogin.admin" permission on the server
[2025/12/12 12:38:04]:  §eand click the "Setup plugin" button to configure your plugin.
[2025/12/12 12:38:04]: 
[2025/12/12 12:41:49]: §3[nLogin] [DEBUG] [SQLite] [UPDATE]: "INSERT INTO `nlogin` (`last_name`, `unique_id`, `mojang_id`, `bedrock_id`, `password`, `last_ip`, `creation_date`, `last_seen`, `email`, `discord`, `settings`) VALUES ('Ehe', 773a93c10ffd33d8ab9a443ab5729f35, null, null, '$2a$10$ANgkxhRGEJwWfXk211enz.KQXjTzf7px8zSNLHEPsAVT0AprSPtkq', '0:0:0:0:0:0:0:1', '2025-12-12 12:41:49.573', '2025-12-12 12:41:49.573', null, null, '{"settings":[{"value":true,"key":"force-invalid-session"}],"version":0}')" (applied to all columns)
[2025/12/12 12:41:49]: [nLogin] The user Ehe has successfully registered.
[2025/12/12 12:42:37]: §3[nLogin] [DEBUG] [SQLite] [UPDATE]: "UPDATE `nlogin` SET `last_name` = 'Ehe', `unique_id` = 773a93c10ffd33d8ab9a443ab5729f35,  `mojang_id` = null,  `bedrock_id` = null,  `password` = '$2a$10$ANgkxhRGEJwWfXk211enz.KQXjTzf7px8zSNLHEPsAVT0AprSPtkq', `last_ip` = '0:0:0:0:0:0:0:1', `creation_date` = 2025-12-12 12:41:49.573, `last_seen` = 2025-12-12 12:42:37.269, `email` = null, `discord` = null, `settings` = '{"settings":[{"value":true,"key":"force-invalid-session"},{"value":"survival","key":"last-server"},{"value":"en","key":"language"}],"version":0}' WHERE `ai` = 2" (applied to [last_seen, settings] columns)
[2025/12/12 12:43:01]: §3[nLogin] [DEBUG] [SQLite] [UPDATE]: "UPDATE `nlogin` SET `last_name` = 'Ehe', `unique_id` = 773a93c10ffd33d8ab9a443ab5729f35,  `mojang_id` = null,  `bedrock_id` = null,  `password` = '$2a$10$ANgkxhRGEJwWfXk211enz.KQXjTzf7px8zSNLHEPsAVT0AprSPtkq', `last_ip` = '0:0:0:0:0:0:0:1', `creation_date` = 2025-12-12 12:41:49.573, `last_seen` = 2025-12-12 12:43:01.48, `email` = null, `discord` = null, `settings` = '{"settings":[{"value":"survival","key":"last-server"},{"value":"en","key":"language"}],"version":0}' WHERE `ai` = 2" (applied to [last_ip, last_seen, settings] columns)
[2025/12/12 12:43:01]: [nLogin] The user Ehe has successfully logged in.
[2025/12/12 12:45:14]: §3[nLogin] [DEBUG] [SQLite] [UPDATE]: "UPDATE `nlogin` SET `last_name` = 'Ehe', `unique_id` = 773a93c10ffd33d8ab9a443ab5729f35,  `mojang_id` = null,  `bedrock_id` = null,  `password` = '$2a$10$ANgkxhRGEJwWfXk211enz.KQXjTzf7px8zSNLHEPsAVT0AprSPtkq', `last_ip` = '0:0:0:0:0:0:0:1', `creation_date` = 2025-12-12 12:41:49.573, `last_seen` = 2025-12-12 12:45:14.199, `email` = null, `discord` = null, `settings` = '{"settings":[{"value":"survival","key":"last-server"},{"value":"en","key":"language"}],"version":0}' WHERE `ai` = 2" (applied to [last_seen, settings] columns)
[2025/12/12 12:47:51]: §3[nLogin] [DEBUG] [SQLite] [UPDATE]: "UPDATE `nlogin` SET `last_name` = 'Ehe', `unique_id` = 773a93c10ffd33d8ab9a443ab5729f35,  `mojang_id` = null,  `bedrock_id` = null,  `password` = '$2a$10$ANgkxhRGEJwWfXk211enz.KQXjTzf7px8zSNLHEPsAVT0AprSPtkq', `last_ip` = '0:0:0:0:0:0:0:1', `creation_date` = 2025-12-12 12:41:49.573, `last_seen` = 2025-12-12 12:47:51.757, `email` = null, `discord` = null, `settings` = '{"settings":[{"value":"survival","key":"last-server"},{"value":"en","key":"language"}],"version":0}' WHERE `ai` = 2" (applied to [last_ip, last_seen, settings] columns)
[2025/12/12 12:47:51]: [nLogin] The user Ehe has successfully logged in.
[2025/12/12 12:49:58]: §3[nLogin] [DEBUG] [SQLite] [UPDATE]: "UPDATE `nlogin` SET `last_name` = 'Ehe', `unique_id` = 773a93c10ffd33d8ab9a443ab5729f35,  `mojang_id` = null,  `bedrock_id` = null,  `password` = '$2a$10$ANgkxhRGEJwWfXk211enz.KQXjTzf7px8zSNLHEPsAVT0AprSPtkq', `last_ip` = '0:0:0:0:0:0:0:1', `creation_date` = 2025-12-12 12:41:49.573, `last_seen` = 2025-12-12 12:49:58.024, `email` = null, `discord` = null, `settings` = '{"settings":[{"value":"survival","key":"last-server"},{"value":"en","key":"language"}],"version":0}' WHERE `ai` = 2" (applied to [last_seen, settings] columns)
[2025/12/12 12:51:03]: §3[nLogin] [DEBUG] [SQLite] [UPDATE]: "UPDATE `nlogin` SET `last_name` = 'Ehe', `unique_id` = 773a93c10ffd33d8ab9a443ab5729f35,  `mojang_id` = null,  `bedrock_id` = null,  `password` = '$2a$10$ANgkxhRGEJwWfXk211enz.KQXjTzf7px8zSNLHEPsAVT0AprSPtkq', `last_ip` = '0:0:0:0:0:0:0:1', `creation_date` = 2025-12-12 12:41:49.573, `last_seen` = 2025-12-12 12:51:03.899, `email` = null, `discord` = null, `settings` = '{"settings":[{"value":"survival","key":"last-server"},{"value":"en","key":"language"}],"version":0}' WHERE `ai` = 2" (applied to [last_ip, last_seen, settings] columns)
[2025/12/12 12:51:03]: [nLogin] The user Ehe has successfully logged in.
[2025/12/12 12:51:15]: §3[nLogin] [DEBUG] [SQLite] [UPDATE]: "UPDATE `nlogin` SET `last_name` = 'Ehe', `unique_id` = 773a93c10ffd33d8ab9a443ab5729f35,  `mojang_id` = null,  `bedrock_id` = null,  `password` = '$2a$10$ANgkxhRGEJwWfXk211enz.KQXjTzf7px8zSNLHEPsAVT0AprSPtkq', `last_ip` = '0:0:0:0:0:0:0:1', `creation_date` = 2025-12-12 12:41:49.573, `last_seen` = 2025-12-12 12:51:15.426, `email` = null, `discord` = null, `settings` = '{"settings":[{"value":"survival","key":"last-server"},{"value":"en","key":"language"}],"version":0}' WHERE `ai` = 2" (applied to [last_seen, settings] columns)
