[13:39:00] [main/INFO] [com.velocitypowered.proxy.VelocityServer]: Booting up Velocity 3.4.0-SNAPSHOT (git-44bc15db-b512)...
[13:39:01] [main/INFO] [com.velocitypowered.proxy.VelocityServer]: Loading localizations...
[13:39:01] [main/INFO] [com.velocitypowered.proxy.network.ConnectionManager]: Connections will use epoll channels, Java compression, Java ciphers
[13:39:01] [main/WARN] [com.velocitypowered.proxy.config.VelocityConfiguration]: The proxy is running in offline mode! This is a security risk and you will NOT receive any support!
[13:39:01] [main/WARN] [com.velocitypowered.proxy.config.VelocityConfiguration]: Player info forwarding is disabled! All players will appear to be connecting from the proxy and will have offline-mode UUIDs.
[13:39:03] [main/INFO] [com.velocitypowered.proxy.VelocityServer]: Loading plugins...
[13:39:04] [main/INFO] [eaglerxserver]: Loading EaglercraftXServer 1.0.7...
[13:39:04] [main/INFO] [eaglerxserver]: (Platform: Velocity)
[13:39:04] [main/INFO] [eaglerxserver]: Server Name: "EaglercraftXServer"
[13:39:04] [main/INFO] [com.velocitypowered.proxy.plugin.VelocityPluginManager]: Loaded plugin eaglerxserver 1.0.7 by lax1dude
[13:39:04] [main/INFO] [com.velocitypowered.proxy.plugin.VelocityPluginManager]: Loaded plugin eaglerweb 1.0.0 by lax1dude
[13:39:04] [main/INFO] [com.velocitypowered.proxy.plugin.VelocityPluginManager]: Loaded plugin eaglerxrewind-1-5 1.0.2 by lax1dude, ayunami2000
[13:39:05] [main/INFO] [com.velocitypowered.proxy.plugin.VelocityPluginManager]: Loaded plugin nlogin 10.4.23 by NickUC
[13:39:05] [main/INFO] [com.velocitypowered.proxy.VelocityServer]: Loaded 5 plugins
[13:39:05] [EaglercraftXServer - Task Executor #0/WARN] [com.velocitypowered.proxy.network.ConnectionManager]: The server channel initializer has been replaced by java.base/jdk.internal.reflect.DirectMethodHandleAccessor.invoke(DirectMethodHandleAccessor.java:104)
[13:39:05] [EaglercraftXServer - Task Executor #0/INFO] [eaglerxserver]: Enabling EaglercraftXServer 1.0.7...
[13:39:05] [EaglercraftXServer - Task Executor #0/INFO] [eaglerxserver]: Connecting to skin cache database "jdbc:sqlite:eagler_skins_cache.db"...
[13:39:05] [EaglercraftXServer - Task Executor #0/INFO] [eaglerxserver]: Connected to skin cache database successfully!
[13:39:06] [EaglercraftXServer - Task Executor #0/INFO] [eaglerweb]: Loading config files...
[13:39:06] [EaglercraftXServer - Task Executor #0/INFO] [eaglerweb]: Indexing pages, please wait...
[13:39:06] [EaglercraftXServer - Task Executor #0/INFO] [eaglerweb]: Indexed 12 pages total!
[13:39:06] [EaglercraftXServer - Task Executor #0/INFO] [eaglerxrewind-1-5]: EaglerXRewind protocol for Eaglercraft 1.5.2 has been registered
[13:39:09] [EaglercraftXServer - Task Executor #0/INFO] [nlogin]: Successful plugin core start (took 1.66s)
[13:39:09] [EaglercraftXServer - Task Executor #0/INFO] [com.velocitypowered.proxy.console.VelocityConsole]:           __             _       
[13:39:09] [EaglercraftXServer - Task Executor #0/INFO] [com.velocitypowered.proxy.console.VelocityConsole]:   _ __   / /  ___   __ _(_)_ __  
[13:39:09] [EaglercraftXServer - Task Executor #0/INFO] [com.velocitypowered.proxy.console.VelocityConsole]:  | '_ \ / /  / _ \ / _` | | '_ \ 
[13:39:09] [EaglercraftXServer - Task Executor #0/INFO] [com.velocitypowered.proxy.console.VelocityConsole]:  | | | / /__| (_) | (_| | | | | |
[13:39:09] [EaglercraftXServer - Task Executor #0/INFO] [com.velocitypowered.proxy.console.VelocityConsole]:  |_| |_\____/\___/ \__, |_|_| |_|
[13:39:09] [EaglercraftXServer - Task Executor #0/INFO] [com.velocitypowered.proxy.console.VelocityConsole]:                   |___/            
[13:39:09] [EaglercraftXServer - Task Executor #0/INFO] [com.velocitypowered.proxy.console.VelocityConsole]:  By: www.nickuc.com - V 10.4.23
[13:39:09] [EaglercraftXServer - Task Executor #0/INFO] [com.velocitypowered.proxy.console.VelocityConsole]:  
[13:39:10] [Netty epoll Boss #0/INFO] [eaglerxserver]: Listener "listener0" injected into channel [id: 0x42ce9e48, L:/[0:0:0:0:0:0:0:0]:25567] successfully (Velocity method)
[13:39:10] [main/INFO] [com.velocitypowered.proxy.Velocity]: Done (11.45s)!
[13:39:10] [Netty epoll Boss #0/INFO] [com.velocitypowered.proxy.network.ConnectionManager]: Listening on /[0:0:0:0:0:0:0:0]:25567
[13:39:11] [Netty epoll Worker #0/WARN] [eaglerxserver]: =============================================
[13:39:11] [Netty epoll Worker #0/WARN] [eaglerxserver]: =============================================
[13:39:11] [Netty epoll Worker #0/WARN] [eaglerxserver]: 
[13:39:11] [Netty epoll Worker #0/WARN] [eaglerxserver]:  Updates are available for EaglerXServer
[13:39:11] [Netty epoll Worker #0/WARN] [eaglerxserver]:  ---------------------------------------
[13:39:11] [Netty epoll Worker #0/WARN] [eaglerxserver]: 
[13:39:11] [Netty epoll Worker #0/WARN] [eaglerxserver]:    :< Active: 1.0.7
[13:39:11] [Netty epoll Worker #0/WARN] [eaglerxserver]: 
[13:39:11] [Netty epoll Worker #0/WARN] [eaglerxserver]:    :> Latest: 1.0.8
[13:39:11] [Netty epoll Worker #0/WARN] [eaglerxserver]: 
[13:39:11] [Netty epoll Worker #0/WARN] [eaglerxserver]:  https://lax1dude.net/eaglerxserver/
[13:39:11] [Netty epoll Worker #0/WARN] [eaglerxserver]:  -----------------------------------
[13:39:11] [Netty epoll Worker #0/WARN] [eaglerxserver]: 
[13:39:11] [Netty epoll Worker #0/WARN] [eaglerxserver]: =============================================
[13:39:11] [Netty epoll Worker #0/WARN] [eaglerxserver]: =============================================
[13:39:15] [nLogin - Task Executor #0/INFO] [com.velocitypowered.proxy.console.VelocityConsole]: 
[13:39:15] [nLogin - Task Executor #0/INFO] [com.velocitypowered.proxy.console.VelocityConsole]:  Thank you so much for choosing nLogin! <3
[13:39:15] [nLogin - Task Executor #0/INFO] [com.velocitypowered.proxy.console.VelocityConsole]: 
[13:39:15] [nLogin - Task Executor #0/INFO] [com.velocitypowered.proxy.console.VelocityConsole]:  For your safety, please read the message below:
[13:39:15] [nLogin - Task Executor #0/INFO] [com.velocitypowered.proxy.console.VelocityConsole]:   Never download nLogin from unknown sources.
[13:39:15] [nLogin - Task Executor #0/INFO] [com.velocitypowered.proxy.console.VelocityConsole]:   A modified version may contain malicious software.
[13:39:15] [nLogin - Task Executor #0/INFO] [com.velocitypowered.proxy.console.VelocityConsole]: 
[13:39:15] [nLogin - Task Executor #0/INFO] [com.velocitypowered.proxy.console.VelocityConsole]:  Trusted sources:
[13:39:15] [nLogin - Task Executor #0/INFO] [com.velocitypowered.proxy.console.VelocityConsole]:   www.nickuc.com
[13:39:15] [nLogin - Task Executor #0/INFO] [com.velocitypowered.proxy.console.VelocityConsole]:   www.github.com/nickuc
[13:39:15] [nLogin - Task Executor #0/INFO] [com.velocitypowered.proxy.console.VelocityConsole]:   OpeNLogin installer (from Spigot or GitHub)
[13:39:15] [nLogin - Task Executor #0/INFO] [com.velocitypowered.proxy.console.VelocityConsole]: 
[13:39:15] [nLogin - Task Executor #0/INFO] [com.velocitypowered.proxy.console.VelocityConsole]:  Official support channels:
[13:39:15] [nLogin - Task Executor #0/INFO] [com.velocitypowered.proxy.console.VelocityConsole]:   Discord group: www.nickuc.com/discord
[13:39:15] [nLogin - Task Executor #0/INFO] [com.velocitypowered.proxy.console.VelocityConsole]:   Documentation: docs.nickuc.com/nlogin/
[13:39:15] [nLogin - Task Executor #0/INFO] [com.velocitypowered.proxy.console.VelocityConsole]:   Email: support@nickuc.com
[13:39:15] [nLogin - Task Executor #0/INFO] [com.velocitypowered.proxy.console.VelocityConsole]:   YouTube: youtube.com/nickuc
[13:39:15] [nLogin - Task Executor #0/INFO] [com.velocitypowered.proxy.console.VelocityConsole]: 
[13:39:15] [nLogin - Task Executor #0/INFO] [com.velocitypowered.proxy.console.VelocityConsole]:  To remove this warning, log in with "nlogin.admin" permission on the server
[13:39:15] [nLogin - Task Executor #0/INFO] [com.velocitypowered.proxy.console.VelocityConsole]:  and click the "Setup plugin" button to configure your plugin.
[13:39:15] [nLogin - Task Executor #0/INFO] [com.velocitypowered.proxy.console.VelocityConsole]: 
[13:46:00] [Netty epoll Worker #1/INFO] [com.velocitypowered.proxy.connection.client.AuthSessionHandler]: [connected player] Ehe (/[0:0:0:0:0:0:0:1]:54410) has connected
[13:46:00] [Netty epoll Worker #1/INFO] [com.velocitypowered.proxy.connection.MinecraftConnection]: [server connection] Ehe -> auth has connected
[13:46:17] [nLogin - Task Executor #0/INFO] [nlogin]: The user Ehe has successfully logged in.
[13:46:18] [Netty epoll Worker #1/INFO] [com.velocitypowered.proxy.connection.MinecraftConnection]: [server connection] Ehe -> survival has connected
[13:46:19] [Netty epoll Worker #1/INFO] [com.velocitypowered.proxy.connection.MinecraftConnection]: [server connection] Ehe -> auth has disconnected
[13:47:53] [Netty epoll Worker #1/INFO] [com.velocitypowered.proxy.connection.MinecraftConnection]: [connected player] Ehe (/[0:0:0:0:0:0:0:1]:54410) has disconnected
[13:47:53] [Netty epoll Worker #1/INFO] [com.velocitypowered.proxy.connection.MinecraftConnection]: [server connection] Ehe -> survival has disconnected
[13:47:57] [Netty epoll Worker #0/INFO] [com.velocitypowered.proxy.connection.client.AuthSessionHandler]: [connected player] Ehe (/[0:0:0:0:0:0:0:1]:45650) has connected
[13:47:57] [Netty epoll Worker #0/INFO] [com.velocitypowered.proxy.connection.MinecraftConnection]: [server connection] Ehe -> auth has connected
[13:47:59] [Netty epoll Worker #0/INFO] [com.velocitypowered.proxy.connection.MinecraftConnection]: [connected player] Ehe (/[0:0:0:0:0:0:0:1]:45650) has disconnected
[13:47:59] [Netty epoll Worker #0/INFO] [com.velocitypowered.proxy.connection.MinecraftConnection]: [server connection] Ehe -> auth has disconnected
[13:48:11] [Netty epoll Worker #2/INFO] [com.velocitypowered.proxy.connection.client.AuthSessionHandler]: [connected player] Ehe (/[0:0:0:0:0:0:0:1]:53416) has connected
[13:48:11] [Netty epoll Worker #2/INFO] [com.velocitypowered.proxy.connection.MinecraftConnection]: [server connection] Ehe -> auth has connected
[13:48:14] [Netty epoll Worker #2/INFO] [com.velocitypowered.proxy.connection.MinecraftConnection]: [connected player] Ehe (/[0:0:0:0:0:0:0:1]:53416) has disconnected
[13:48:14] [Netty epoll Worker #2/INFO] [com.velocitypowered.proxy.connection.MinecraftConnection]: [server connection] Ehe -> auth has disconnected
[13:48:25] [Netty epoll Worker #0/INFO] [com.velocitypowered.proxy.connection.client.AuthSessionHandler]: [connected player] Ehe (/[0:0:0:0:0:0:0:1]:35722) has connected
[13:48:26] [Netty epoll Worker #0/INFO] [com.velocitypowered.proxy.connection.MinecraftConnection]: [server connection] Ehe -> auth has connected
[13:48:28] [Netty epoll Worker #0/INFO] [com.velocitypowered.proxy.connection.MinecraftConnection]: [connected player] Ehe (/[0:0:0:0:0:0:0:1]:35722) has disconnected
[13:48:28] [Netty epoll Worker #0/INFO] [com.velocitypowered.proxy.connection.MinecraftConnection]: [server connection] Ehe -> auth has disconnected
